生成启动时间为 2013/11/6 20:11:38。
     1>项目“E:\VS2010\cvblob\cvblob\cvblob.vcxproj”在节点 2 上(build 个目标)。
     1>InitializeBuildStatus:
         正在对“Debug\cvblob.unsuccessfulbuild”执行 Touch 任务。
       ClCompile:
         e:\VS2010\VC\bin\CL.exe /c /IE:\VS2010\opencv\cvblob\cvBlob /ZI /nologo /W3 /WX- /Od /Oy- /D WIN32 /D _DEBUG /D _CONSOLE /D _MBCS /Gm /EHsc /RTC1 /MDd /GS /fp:precise /Zc:wchar_t /Zc:forScope /Fo"Debug\\" /Fd"Debug\vc100.pdb" /Gd /TP /analyze- /errorReport:prompt ..\t.cpp
         t.cpp
     1>e:\vs2010\opencv\build\include\opencv2\flann\logger.h(66): warning C4996: 'fopen': This function or variable may be unsafe. Consider using fopen_s instead. To disable deprecation, use _CRT_SECURE_NO_WARNINGS. See online help for details.
                 e:\vs2010\vc\include\stdio.h(234) : 参见“fopen”的声明
     1>e:\vs2010\cvblob\t.cpp(20): warning C4091: “typedef ”: 没有声明变量时忽略“key”的左侧
     1>e:\vs2010\cvblob\t.cpp(102): warning C4018: “<”: 有符号/无符号不匹配
     1>e:\vs2010\cvblob\t.cpp(103): warning C4018: “<”: 有符号/无符号不匹配
       ManifestResourceCompile:
         所有输出均为最新。
       Link:
         e:\VS2010\VC\bin\link.exe /ERRORREPORT:PROMPT /OUT:"E:\VS2010\cvblob\Debug\cvblob.exe" /INCREMENTAL /NOLOGO /LIBPATH:E:\VS2010\opencv\cvblob\cvBlob opencv_calib3d244d.lib opencv_contrib244d.lib opencv_core244d.lib opencv_features2d244d.lib opencv_flann244d.lib opencv_gpu244d.lib opencv_highgui244d.lib opencv_imgproc244d.lib opencv_legacy244d.lib opencv_ml244d.lib opencv_objdetect244d.lib opencv_ts244d.lib opencv_video244d.lib kernel32.lib user32.lib gdi32.lib winspool.lib comdlg32.lib advapi32.lib shell32.lib ole32.lib oleaut32.lib uuid.lib odbc32.lib odbccp32.lib cvcam.lib opencv_calib3d244d.lib opencv_contrib244d.lib opencv_core244d.lib opencv_features2d244d.lib opencv_flann244d.lib opencv_gpu244d.lib opencv_highgui244d.lib opencv_imgproc244d.lib opencv_legacy244d.lib opencv_ml244d.lib opencv_objdetect244d.lib opencv_ts244d.lib opencv_video244d.lib kernel32.lib user32.lib gdi32.lib winspool.lib comdlg32.lib advapi32.lib shell32.lib ole32.lib oleaut32.lib uuid.lib odbc32.lib odbccp32.lib kernel32.lib user32.lib gdi32.lib winspool.lib comdlg32.lib advapi32.lib shell32.lib ole32.lib oleaut32.lib uuid.lib odbc32.lib odbccp32.lib /MANIFEST /ManifestFile:"Debug\cvblob.exe.intermediate.manifest" /MANIFESTUAC:"level='asInvoker' uiAccess='false'" /DEBUG /PDB:"E:\VS2010\cvblob\Debug\cvblob.pdb" /SUBSYSTEM:CONSOLE /TLBID:1 /DYNAMICBASE /NXCOMPAT /IMPLIB:"E:\VS2010\cvblob\Debug\cvblob.lib" /MACHINE:X86 Debug\cvblob.exe.embed.manifest.res
         Debug\cvaux.obj
         Debug\cvblob.obj
         Debug\cvcolor.obj
         Debug\cvcontour.obj
         Debug\cvlabel.obj
         Debug\cvtrack.obj
         Debug\t.obj
       Manifest:
         C:\Program Files\Microsoft SDKs\Windows\v7.0A\bin\mt.exe /nologo /verbose /out:"Debug\cvblob.exe.embed.manifest" /manifest Debug\cvblob.exe.intermediate.manifest
         所有输出均为最新。
       LinkEmbedManifest:
         所有输出均为最新。
         cvblob.vcxproj -> E:\VS2010\cvblob\Debug\cvblob.exe
       FinalizeBuildStatus:
         正在删除文件“Debug\cvblob.unsuccessfulbuild”。
         正在对“Debug\cvblob.lastbuildstate”执行 Touch 任务。
     1>已完成生成项目“E:\VS2010\cvblob\cvblob\cvblob.vcxproj”(build 个目标)的操作。

生成成功。

已用时间 00:00:15.18
